<?xml version="1.0" encoding="UTF-8"?>
<!-- Generated by org.testng.reporters.JUnitReportReporter -->
<testsuite hostname="GCS-LT-210" failures="0" tests="1" name="gcs.Travel" time="18.640" errors="0" timestamp="2023-07-06T16:22:22 IST" skipped="0">
  <testcase classname="gcs.Travel" name="Desk" time="18.640"/>
</testsuite> <!-- gcs.Travel -->
